Using pre-set license
Built from '2020.3/staging' branch; Version is '2020.3.8f1 (507919d4fff5) revision 5273881'; Using compiler version '192528614'; Build Type 'Release'
OS: 'Windows 10 Pro; OS build 19041.928; Version 2004; 64bit' Language: 'en' Physical Memory: 16301 MB
BatchMode: 1, IsHumanControllingUs: 0, StartBugReporterOnCrash: 0, Is64bit: 1, IsPro: 0

 COMMAND LINE ARGUMENTS:
C:\Program Files\Unity\Hub\Editor\2020.3.8f1\Editor\Unity.exe
-adb2
-batchMode
-noUpm
-name
AssetImportWorker0
-projectPath
C:/Users/ianhi/Desktop/Unity Files/Lab 2
-logFile
Logs/AssetImportWorker0.log
-srvPort
57027
Successfully changed project path to: C:/Users/ianhi/Desktop/Unity Files/Lab 2
C:/Users/ianhi/Desktop/Unity Files/Lab 2
Using Asset Import Pipeline V2.
Refreshing native plugins compatible for Editor in 43.85 ms, found 1 plugins.
Preloading 0 native plugins for Editor in 0.00 ms.
Initialize engine version: 2020.3.8f1 (507919d4fff5)
[Subsystems] Discovering subsystems at path C:/Program Files/Unity/Hub/Editor/2020.3.8f1/Editor/Data/Resources/UnitySubsystems
[Subsystems] Discovering subsystems at path C:/Users/ianhi/Desktop/Unity Files/Lab 2/Assets
GfxDevice: creating device client; threaded=0
Direct3D:
    Version:  Direct3D 11.0 [level 11.1]
    Renderer: Intel(R) Iris(R) Plus Graphics 640 (ID=0x5926)
    Vendor:   
    VRAM:     8150 MB
    Driver:   27.20.100.8682
Initialize mono
Mono path[0] = 'C:/Program Files/Unity/Hub/Editor/2020.3.8f1/Editor/Data/Managed'
Mono path[1] = 'C:/Program Files/Unity/Hub/Editor/2020.3.8f1/Editor/Data/MonoBleedingEdge/lib/mono/unityjit'
Mono config path = 'C:/Program Files/Unity/Hub/Editor/2020.3.8f1/Editor/Data/MonoBleedingEdge/etc'
Using monoOptions --debugger-agent=transport=dt_socket,embedding=1,server=y,suspend=n,address=127.0.0.1:56004
Begin MonoManager ReloadAssembly
Registering precompiled unity dll's ...
Register platform support module: C:/Program Files/Unity/Hub/Editor/2020.3.8f1/Editor/Data/PlaybackEngines/WindowsStandaloneSupport/UnityEditor.WindowsStandalone.Extensions.dll
Registered in 0.002410 seconds.
Native extension for WindowsStandalone target not found
Refreshing native plugins compatible for Editor in 38.82 ms, found 1 plugins.
Preloading 0 native plugins for Editor in 0.00 ms.
Unable to find bridge dll in registry for Microsoft Visual Studio Tools for Unity for C:\Program Files (x86)\Microsoft Visual Studio\2017\Community\Common7\IDE\devenv.exe
Mono: successfully reloaded assembly
- Completed reload, in  1.435 seconds
Platform modules already initialized, skipping
Registering precompiled user dll's ...
Registered in 0.001006 seconds.
Begin MonoManager ReloadAssembly
Native extension for WindowsStandalone target not found
Refreshing native plugins compatible for Editor in 64.85 ms, found 1 plugins.
Preloading 0 native plugins for Editor in 0.00 ms.
Mono: successfully reloaded assembly
- Completed reload, in  1.533 seconds
Platform modules already initialized, skipping
========================================================================
Worker process is ready to serve import requests
Launched and connected shader compiler UnityShaderCompiler.exe after 0.07 seconds
Refreshing native plugins compatible for Editor in 0.67 ms, found 1 plugins.
Preloading 0 native plugins for Editor in 0.00 ms.
Unloading 1808 Unused Serialized files (Serialized files now loaded: 0)
System memory in use before: 84.9 MB.
System memory in use after: 84.9 MB.

Unloading 24 unused Assets to reduce memory usage. Loaded Objects now: 2250.
Total: 2.295800 ms (FindLiveObjects: 0.192800 ms CreateObjectMapping: 0.071900 ms MarkObjects: 1.815100 ms  DeleteObjects: 0.214600 ms)

========================================================================
Received Import Request.
  path: Assets/Sprites/BowlingBallSprite.png
  artifactKey: Guid(5816beacfd8204e4fa223255ce2ac467) Importer(815301076,1909f56bfc062723c751e8b465ee728b)
Start importing Assets/Sprites/BowlingBallSprite.png using Guid(5816beacfd8204e4fa223255ce2ac467) Importer(815301076,1909f56bfc062723c751e8b465ee728b)  -> (artifact id: '847989a84d3ae9f3c01b89ada305a3ed') in 0.167780 seconds
  Import took 0.172032 seconds .

========================================================================
Received Import Request.
  Time since last request: 0.000279 seconds.
  path: Assets/Sprites/BombLitSprite.png
  artifactKey: Guid(23f2dcab7a131324d922cfb2bd07db80) Importer(815301076,1909f56bfc062723c751e8b465ee728b)
Start importing Assets/Sprites/BombLitSprite.png using Guid(23f2dcab7a131324d922cfb2bd07db80) Importer(815301076,1909f56bfc062723c751e8b465ee728b)  -> (artifact id: '5f9610f588868ec7f0fd8e9029771e7e') in 0.029604 seconds
  Import took 0.034253 seconds .

========================================================================
Received Import Request.
  Time since last request: 0.006217 seconds.
  path: Assets/Sprites/HatSprite.png
  artifactKey: Guid(5853b6ddaa2b364478a6de1223809f57) Importer(815301076,1909f56bfc062723c751e8b465ee728b)
Start importing Assets/Sprites/HatSprite.png using Guid(5853b6ddaa2b364478a6de1223809f57) Importer(815301076,1909f56bfc062723c751e8b465ee728b)  -> (artifact id: '2088baf3e020d8890f408ca11aad5324') in 0.046317 seconds
  Import took 0.053026 seconds .

========================================================================
Received Import Request.
  Time since last request: 0.000244 seconds.
  path: Assets/Sprites/ColumnSprite.png
  artifactKey: Guid(c1d739b9532761a4f8f628dedcfc673e) Importer(815301076,1909f56bfc062723c751e8b465ee728b)
Start importing Assets/Sprites/ColumnSprite.png using Guid(c1d739b9532761a4f8f628dedcfc673e) Importer(815301076,1909f56bfc062723c751e8b465ee728b)  -> (artifact id: 'd3872cdb8ad4175502f45a564eb3021a') in 0.036269 seconds
  Import took 0.046347 seconds .

========================================================================
Received Import Request.
  Time since last request: 0.000230 seconds.
  path: Assets/Sprites/BallSprite.png
  artifactKey: Guid(7931262bee02b4179ab843cecd12cb07) Importer(815301076,1909f56bfc062723c751e8b465ee728b)
Start importing Assets/Sprites/BallSprite.png using Guid(7931262bee02b4179ab843cecd12cb07) Importer(815301076,1909f56bfc062723c751e8b465ee728b)  -> (artifact id: '4198926329a2e2fcb056f8c6efba0977') in 0.028734 seconds
  Import took 0.034007 seconds .

========================================================================
Received Import Request.
  Time since last request: 0.000248 seconds.
  path: Assets/Sprites/CatapultBackSprite.png
  artifactKey: Guid(84c7c25bd260747be85456fa9c48c4b0) Importer(815301076,1909f56bfc062723c751e8b465ee728b)
Start importing Assets/Sprites/CatapultBackSprite.png using Guid(84c7c25bd260747be85456fa9c48c4b0) Importer(815301076,1909f56bfc062723c751e8b465ee728b)  -> (artifact id: 'ad6cbaff97ae0f6da4d8ce5635f8db0d') in 0.027881 seconds
  Import took 0.032835 seconds .

========================================================================
Received Import Request.
  Time since last request: 0.000263 seconds.
  path: Assets/Sprites
  artifactKey: Guid(5e7111d750837fe4e9af7b360e7d667c) Importer(815301076,1909f56bfc062723c751e8b465ee728b)
Start importing Assets/Sprites using Guid(5e7111d750837fe4e9af7b360e7d667c) Importer(815301076,1909f56bfc062723c751e8b465ee728b)  -> (artifact id: 'a1fce9ed49559546a220f3fe1dde6389') in 0.012981 seconds
  Import took 0.018743 seconds .

========================================================================
Received Import Request.
  Time since last request: 0.000156 seconds.
  path: Assets/Sprites/IceSprite.png
  artifactKey: Guid(e74b518a65bc45f4cace9a2fef6af29d) Importer(815301076,1909f56bfc062723c751e8b465ee728b)
Start importing Assets/Sprites/IceSprite.png using Guid(e74b518a65bc45f4cace9a2fef6af29d) Importer(815301076,1909f56bfc062723c751e8b465ee728b)  -> (artifact id: 'f50040b472186fbfb514c98cf9814e97') in 0.031308 seconds
  Import took 0.036865 seconds .

========================================================================
Received Import Request.
  Time since last request: 0.000351 seconds.
  path: Assets/Sprites/GrassThinSprite.png
  artifactKey: Guid(a30d0b0e1afd8ab4ea8a4a0290404f59) Importer(815301076,1909f56bfc062723c751e8b465ee728b)
Start importing Assets/Sprites/GrassThinSprite.png using Guid(a30d0b0e1afd8ab4ea8a4a0290404f59) Importer(815301076,1909f56bfc062723c751e8b465ee728b)  -> (artifact id: '7298d780e4c92e75246e9e108dcc749b') in 0.030218 seconds
  Import took 0.037943 seconds .

========================================================================
Received Import Request.
  Time since last request: 0.000207 seconds.
  path: Assets/Sprites/BirdEnemyIdleSprite.png
  artifactKey: Guid(ff84aacc54bb8d843be32e8d39412a39) Importer(815301076,1909f56bfc062723c751e8b465ee728b)
Start importing Assets/Sprites/BirdEnemyIdleSprite.png using Guid(ff84aacc54bb8d843be32e8d39412a39) Importer(815301076,1909f56bfc062723c751e8b465ee728b)  -> (artifact id: '609b80f8765717a0538a33e7f511bb7f') in 0.035144 seconds
  Import took 0.040113 seconds .

========================================================================
Received Import Request.
  Time since last request: 0.000196 seconds.
  path: Assets/Sprites/BirdHeroSprite.png
  artifactKey: Guid(a9c136f9dcfd3954fa0f3fab6260607f) Importer(815301076,1909f56bfc062723c751e8b465ee728b)
Start importing Assets/Sprites/BirdHeroSprite.png using Guid(a9c136f9dcfd3954fa0f3fab6260607f) Importer(815301076,1909f56bfc062723c751e8b465ee728b)  -> (artifact id: '2fcfe2770961345009daf797444e8f3a') in 0.038223 seconds
  Import took 0.044579 seconds .

========================================================================
Received Import Request.
  Time since last request: 0.000416 seconds.
  path: Assets/Sprites/ChainLinksSprite.png
  artifactKey: Guid(31f33be422f9c8449bbf999c98f5f4d2) Importer(815301076,1909f56bfc062723c751e8b465ee728b)
Start importing Assets/Sprites/ChainLinksSprite.png using Guid(31f33be422f9c8449bbf999c98f5f4d2) Importer(815301076,1909f56bfc062723c751e8b465ee728b)  -> (artifact id: '253a1bf81d4ccf9bbcc98dba904e547a') in 0.040693 seconds
  Import took 0.046377 seconds .

========================================================================
Received Import Request.
  Time since last request: 0.000340 seconds.
  path: Assets/Sprites/GrassSprite.png
  artifactKey: Guid(3bb40c4bb20b72940ba2dd57ae30f88c) Importer(815301076,1909f56bfc062723c751e8b465ee728b)
Start importing Assets/Sprites/GrassSprite.png using Guid(3bb40c4bb20b72940ba2dd57ae30f88c) Importer(815301076,1909f56bfc062723c751e8b465ee728b)  -> (artifact id: 'c9dcbda1b6224e64d1ace446f2a1579d') in 0.041836 seconds
  Import took 0.057000 seconds .

========================================================================
Received Import Request.
  Time since last request: 0.000445 seconds.
  path: Assets/Sprites/ExplosionSprite.png
  artifactKey: Guid(02caf2529e444a14ab5eae5fafab7fd4) Importer(815301076,1909f56bfc062723c751e8b465ee728b)
Start importing Assets/Sprites/ExplosionSprite.png using Guid(02caf2529e444a14ab5eae5fafab7fd4) Importer(815301076,1909f56bfc062723c751e8b465ee728b)  -> (artifact id: '910ff2533063e61c33aafd0a26446d57') in 0.067938 seconds
  Import took 0.074179 seconds .

========================================================================
Received Import Request.
  Time since last request: 0.002932 seconds.
  path: Assets/Sprites/ColumnShortSprite.png
  artifactKey: Guid(eb99749fb0134d54ba7b9a456fd3f6af) Importer(815301076,1909f56bfc062723c751e8b465ee728b)
Start importing Assets/Sprites/ColumnShortSprite.png using Guid(eb99749fb0134d54ba7b9a456fd3f6af) Importer(815301076,1909f56bfc062723c751e8b465ee728b)  -> (artifact id: 'bfe096ce0e22b48807a2d7fbba938e5b') in 0.036768 seconds
  Import took 0.043100 seconds .

========================================================================
Received Import Request.
  Time since last request: 0.000310 seconds.
  path: Assets/Sprites/BombSprite.png
  artifactKey: Guid(91a6f4c9b969b4bb9866c25cba77273c) Importer(815301076,1909f56bfc062723c751e8b465ee728b)
Start importing Assets/Sprites/BombSprite.png using Guid(91a6f4c9b969b4bb9866c25cba77273c) Importer(815301076,1909f56bfc062723c751e8b465ee728b)  -> (artifact id: '61f03bf590fdeb849013f878f64f8699') in 0.034117 seconds
  Import took 0.041529 seconds .

========================================================================
Received Import Request.
  Time since last request: 0.000316 seconds.
  path: Assets/Sprites/CatapultFrontSprite.png
  artifactKey: Guid(b24d8371c5d8d4523bb53376999757c3) Importer(815301076,1909f56bfc062723c751e8b465ee728b)
Start importing Assets/Sprites/CatapultFrontSprite.png using Guid(b24d8371c5d8d4523bb53376999757c3) Importer(815301076,1909f56bfc062723c751e8b465ee728b)  -> (artifact id: '7199d7ccef50071fbd5f562301a58dd3') in 0.031341 seconds
  Import took 0.036247 seconds .

========================================================================
Received Import Request.
  Time since last request: 0.000262 seconds.
  path: Assets/Sprites/AsteroidSprite.png
  artifactKey: Guid(bc15c6ea9b0124465b164fd3e89c578d) Importer(815301076,1909f56bfc062723c751e8b465ee728b)
Start importing Assets/Sprites/AsteroidSprite.png using Guid(bc15c6ea9b0124465b164fd3e89c578d) Importer(815301076,1909f56bfc062723c751e8b465ee728b)  -> (artifact id: 'c9f6a5e0b57391600e1febebbae1b56e') in 0.043942 seconds
  Import took 0.049962 seconds .

========================================================================
Received Import Request.
  Time since last request: 0.000280 seconds.
  path: Assets/Sprites/BirdEnemyDeathSprite.png
  artifactKey: Guid(9a9871d79d525ab499dd167fd35c46ad) Importer(815301076,1909f56bfc062723c751e8b465ee728b)
Start importing Assets/Sprites/BirdEnemyDeathSprite.png using Guid(9a9871d79d525ab499dd167fd35c46ad) Importer(815301076,1909f56bfc062723c751e8b465ee728b)  -> (artifact id: '8d5be188224ba08a2c926107ec4f2ebb') in 0.064630 seconds
  Import took 0.069691 seconds .

========================================================================
Received Import Request.
  Time since last request: 0.000221 seconds.
  path: Assets/Sprites/CatapultSprite.png
  artifactKey: Guid(555975464417842748951a085f3cf3ba) Importer(815301076,1909f56bfc062723c751e8b465ee728b)
Start importing Assets/Sprites/CatapultSprite.png using Guid(555975464417842748951a085f3cf3ba) Importer(815301076,1909f56bfc062723c751e8b465ee728b)  -> (artifact id: '56fa7798b03668c5e1b4dd923292fda2') in 0.050259 seconds
  Import took 0.054523 seconds .

========================================================================
Received Import Request.
  Time since last request: 0.000320 seconds.
  path: Assets/Sprites/BirdEnemyFlapSprite.png
  artifactKey: Guid(86ce912717672b8429c58e6960c12e25) Importer(815301076,1909f56bfc062723c751e8b465ee728b)
Start importing Assets/Sprites/BirdEnemyFlapSprite.png using Guid(86ce912717672b8429c58e6960c12e25) Importer(815301076,1909f56bfc062723c751e8b465ee728b)  -> (artifact id: 'c9d6aaa078b1aee767b0336f0aaa56a7') in 0.069877 seconds
  Import took 0.119308 seconds .

========================================================================
Received Import Request.
  Time since last request: 0.000391 seconds.
  path: Assets/Sprites/CoinSprite.png
  artifactKey: Guid(d235556d311cd497b993de7aa11961d4) Importer(815301076,1909f56bfc062723c751e8b465ee728b)
Start importing Assets/Sprites/CoinSprite.png using Guid(d235556d311cd497b993de7aa11961d4) Importer(815301076,1909f56bfc062723c751e8b465ee728b)  -> (artifact id: '2618c7be819a779ef1b19eeab7e269aa') in 0.048118 seconds
  Import took 0.059839 seconds .

========================================================================
Received Import Request.
  Time since last request: 21.310452 seconds.
  path: Assets/Sprites/MagnetSprite.png
  artifactKey: Guid(fa3bccb15aacf430e8ac3499d2338d31) Importer(815301076,1909f56bfc062723c751e8b465ee728b)
Start importing Assets/Sprites/MagnetSprite.png using Guid(fa3bccb15aacf430e8ac3499d2338d31) Importer(815301076,1909f56bfc062723c751e8b465ee728b)  -> (artifact id: '8c1b9372d4850105c65379ac1ea4c552') in 0.081698 seconds
  Import took 0.089399 seconds .

========================================================================
Received Import Request.
  Time since last request: 0.000291 seconds.
  path: Assets/Sprites/RestartHoverSprite.png
  artifactKey: Guid(0dbf0796eff2d254381244d5bf00a9e3) Importer(815301076,1909f56bfc062723c751e8b465ee728b)
Start importing Assets/Sprites/RestartHoverSprite.png using Guid(0dbf0796eff2d254381244d5bf00a9e3) Importer(815301076,1909f56bfc062723c751e8b465ee728b)  -> (artifact id: 'dbd399ea7fed6bcf38952b072481aa6b') in 0.042874 seconds
  Import took 0.048966 seconds .

========================================================================
Received Import Request.
  Time since last request: 0.000192 seconds.
  path: Assets/Sprites/RocketSprite.png
  artifactKey: Guid(5be9b4c5270e8eb48ac9e24389566ec1) Importer(815301076,1909f56bfc062723c751e8b465ee728b)
Start importing Assets/Sprites/RocketSprite.png using Guid(5be9b4c5270e8eb48ac9e24389566ec1) Importer(815301076,1909f56bfc062723c751e8b465ee728b)  -> (artifact id: 'c2e364468fd3bd89858574214365263c') in 0.036991 seconds
  Import took 0.040374 seconds .

========================================================================
Received Import Request.
  Time since last request: 0.000193 seconds.
  path: Assets/Sprites/RetroExplosion.png
  artifactKey: Guid(907a19a0cc99bf04288d3b0c0d6afcfb) Importer(815301076,1909f56bfc062723c751e8b465ee728b)
Start importing Assets/Sprites/RetroExplosion.png using Guid(907a19a0cc99bf04288d3b0c0d6afcfb) Importer(815301076,1909f56bfc062723c751e8b465ee728b)  -> (artifact id: '5e61be61b831c9ad8ca1b9897bb3a0b3') in 0.060787 seconds
  Import took 0.066262 seconds .

========================================================================
Received Import Request.
  Time since last request: 0.000200 seconds.
  path: Assets/Sprites/RestartIdleSprite.png
  artifactKey: Guid(db4eae29dd580d244828b85ac2501f6c) Importer(815301076,1909f56bfc062723c751e8b465ee728b)
Start importing Assets/Sprites/RestartIdleSprite.png using Guid(db4eae29dd580d244828b85ac2501f6c) Importer(815301076,1909f56bfc062723c751e8b465ee728b)  -> (artifact id: '8c0f88070bbcf508a481a05f6011deb2') in 0.024445 seconds
  Import took 0.027986 seconds .

========================================================================
Received Import Request.
  Time since last request: 0.000350 seconds.
  path: Assets/Sprites/PlankSprite.png
  artifactKey: Guid(418ab5c27d3054eb89959d9c715e00c9) Importer(815301076,1909f56bfc062723c751e8b465ee728b)
Start importing Assets/Sprites/PlankSprite.png using Guid(418ab5c27d3054eb89959d9c715e00c9) Importer(815301076,1909f56bfc062723c751e8b465ee728b)  -> (artifact id: 'e492f456b6298041e0fe4a0dd524ce65') in 0.032804 seconds
  Import took 0.038778 seconds .

========================================================================
Received Import Request.
  Time since last request: 0.000224 seconds.
  path: Assets/Sprites/PuffSprite.png
  artifactKey: Guid(a3dde001bc3076e4ca0998fe4d32ade3) Importer(815301076,1909f56bfc062723c751e8b465ee728b)
Start importing Assets/Sprites/PuffSprite.png using Guid(a3dde001bc3076e4ca0998fe4d32ade3) Importer(815301076,1909f56bfc062723c751e8b465ee728b)  -> (artifact id: 'ee032179e579a498c87d8ec3bfe9668d') in 0.028692 seconds
  Import took 0.032887 seconds .

========================================================================
Received Import Request.
  Time since last request: 0.000229 seconds.
  path: Assets/Sprites/PlankSprite.png
  artifactKey: Guid(418ab5c27d3054eb89959d9c715e00c9) Importer(815301076,1909f56bfc062723c751e8b465ee728b)
Start importing Assets/Sprites/PlankSprite.png using Guid(418ab5c27d3054eb89959d9c715e00c9) Importer(815301076,1909f56bfc062723c751e8b465ee728b)  -> (artifact id: 'e492f456b6298041e0fe4a0dd524ce65') in 0.026821 seconds
  Import took 0.031620 seconds .

========================================================================
Received Import Request.
  Time since last request: 0.000287 seconds.
  path: Assets/Sprites/RestartPressSprite.png
  artifactKey: Guid(a414f6cc2bd8e5745a003049a80c3fa5) Importer(815301076,1909f56bfc062723c751e8b465ee728b)
Start importing Assets/Sprites/RestartPressSprite.png using Guid(a414f6cc2bd8e5745a003049a80c3fa5) Importer(815301076,1909f56bfc062723c751e8b465ee728b)  -> (artifact id: '8aabc5d3d601bb943fcbc7133e69ebdc') in 0.026490 seconds
  Import took 0.032685 seconds .

========================================================================
Received Import Request.
  Time since last request: 0.000255 seconds.
  path: Assets/Sprites/RetroBullet.png
  artifactKey: Guid(fb16cc86978e6464d9ecc8802812674a) Importer(815301076,1909f56bfc062723c751e8b465ee728b)
Start importing Assets/Sprites/RetroBullet.png using Guid(fb16cc86978e6464d9ecc8802812674a) Importer(815301076,1909f56bfc062723c751e8b465ee728b)  -> (artifact id: '2ed6290c479ae91aa929664d8ad498dd') in 0.022674 seconds
  Import took 0.026686 seconds .

========================================================================
Received Import Request.
  Time since last request: 0.000236 seconds.
  path: Assets/Sprites/RetroSpaceship.png
  artifactKey: Guid(07fa4a9616a73f34785703310e3f094b) Importer(815301076,1909f56bfc062723c751e8b465ee728b)
Start importing Assets/Sprites/RetroSpaceship.png using Guid(07fa4a9616a73f34785703310e3f094b) Importer(815301076,1909f56bfc062723c751e8b465ee728b)  -> (artifact id: 'f874ccf148cd6ed7681d6692f6f0e16c') in 0.077119 seconds
  Import took 0.082681 seconds .

========================================================================
Received Import Request.
  Time since last request: 2.120315 seconds.
  path: Assets/Sprites/SkySprite.png
  artifactKey: Guid(dede5f4548992dd4ba1c9840a451ed31) Importer(815301076,1909f56bfc062723c751e8b465ee728b)
Start importing Assets/Sprites/SkySprite.png using Guid(dede5f4548992dd4ba1c9840a451ed31) Importer(815301076,1909f56bfc062723c751e8b465ee728b)  -> (artifact id: '33767e1d74bb0f689f2c8b752e9ccb53') in 0.088107 seconds
  Import took 0.101292 seconds .

========================================================================
Received Import Request.
  Time since last request: 0.000225 seconds.
  path: Assets/Sprites/StartHoverSprite.png
  artifactKey: Guid(6ab2ff034573064449b8c5466739fa23) Importer(815301076,1909f56bfc062723c751e8b465ee728b)
Start importing Assets/Sprites/StartHoverSprite.png using Guid(6ab2ff034573064449b8c5466739fa23) Importer(815301076,1909f56bfc062723c751e8b465ee728b)  -> (artifact id: '7c5c92ef0a889204b2283a1f30b88bb2') in 0.026619 seconds
  Import took 0.033160 seconds .

========================================================================
Received Import Request.
  Time since last request: 0.000299 seconds.
  path: Assets/Sprites/TruckWheelSprite.png
  artifactKey: Guid(a0aa6196d79b5db419e9a18c8927b98a) Importer(815301076,1909f56bfc062723c751e8b465ee728b)
Start importing Assets/Sprites/TruckWheelSprite.png using Guid(a0aa6196d79b5db419e9a18c8927b98a) Importer(815301076,1909f56bfc062723c751e8b465ee728b)  -> (artifact id: '4f1d0d6a36463e7956729ab1b6a21de1') in 0.031855 seconds
  Import took 0.036447 seconds .

========================================================================
Received Import Request.
  Time since last request: 0.000212 seconds.
  path: Assets/Sprites/SpringSprite.png
  artifactKey: Guid(a03a39af61d16d94298132cfd5437225) Importer(815301076,1909f56bfc062723c751e8b465ee728b)
Start importing Assets/Sprites/SpringSprite.png using Guid(a03a39af61d16d94298132cfd5437225) Importer(815301076,1909f56bfc062723c751e8b465ee728b)  -> (artifact id: '4c5115e11c2681874d321fabc8fa96c2') in 0.026308 seconds
  Import took 0.031083 seconds .

========================================================================
Received Import Request.
  Time since last request: 0.000298 seconds.
  path: Assets/Sprites/StartIdleSprite.png
  artifactKey: Guid(4b5eeb73b915fa84a980f6bce0b905de) Importer(815301076,1909f56bfc062723c751e8b465ee728b)
Start importing Assets/Sprites/StartIdleSprite.png using Guid(4b5eeb73b915fa84a980f6bce0b905de) Importer(815301076,1909f56bfc062723c751e8b465ee728b)  -> (artifact id: '8f1f126aa471ffdfc997319c73ef05be') in 0.029660 seconds
  Import took 0.035368 seconds .

========================================================================
Received Import Request.
  Time since last request: 0.000233 seconds.
  path: Assets/Sprites/SkyTileSprite.png
  artifactKey: Guid(24770088dedc9e84b97afaa1c612d506) Importer(815301076,1909f56bfc062723c751e8b465ee728b)
Start importing Assets/Sprites/SkyTileSprite.png using Guid(24770088dedc9e84b97afaa1c612d506) Importer(815301076,1909f56bfc062723c751e8b465ee728b)  -> (artifact id: 'f7891d47e583a93942ab7ed28215bdfd') in 0.026075 seconds
  Import took 0.031229 seconds .

========================================================================
Received Import Request.
  Time since last request: 0.000273 seconds.
  path: Assets/Sprites/SkySprite.png
  artifactKey: Guid(dede5f4548992dd4ba1c9840a451ed31) Importer(815301076,1909f56bfc062723c751e8b465ee728b)
Start importing Assets/Sprites/SkySprite.png using Guid(dede5f4548992dd4ba1c9840a451ed31) Importer(815301076,1909f56bfc062723c751e8b465ee728b)  -> (artifact id: '33767e1d74bb0f689f2c8b752e9ccb53') in 0.018037 seconds
  Import took 0.023907 seconds .

========================================================================
Received Import Request.
  Time since last request: 0.000330 seconds.
  path: Assets/Sprites/StartPressSprite.png
  artifactKey: Guid(aae8c4bea03b8aa47814af68b1dea886) Importer(815301076,1909f56bfc062723c751e8b465ee728b)
Start importing Assets/Sprites/StartPressSprite.png using Guid(aae8c4bea03b8aa47814af68b1dea886) Importer(815301076,1909f56bfc062723c751e8b465ee728b)  -> (artifact id: '7eaff7100b96b0d6337af20c65ca38f9') in 0.020482 seconds
  Import took 0.026144 seconds .

========================================================================
Received Import Request.
  Time since last request: 0.000214 seconds.
  path: Assets/Sprites/TruckChassisSprite.png
  artifactKey: Guid(90f91bf07d6aec14bb60e830bf64792c) Importer(815301076,1909f56bfc062723c751e8b465ee728b)
Start importing Assets/Sprites/TruckChassisSprite.png using Guid(90f91bf07d6aec14bb60e830bf64792c) Importer(815301076,1909f56bfc062723c751e8b465ee728b)  -> (artifact id: '1747cc4cb669474c3143376c6ef2d566') in 0.025805 seconds
  Import took 0.029719 seconds .

========================================================================
Received Import Request.
  Time since last request: 0.000213 seconds.
  path: Assets/Sprites/WeightSprite.png
  artifactKey: Guid(1304343364e1ade40a93931a5dacc822) Importer(815301076,1909f56bfc062723c751e8b465ee728b)
Start importing Assets/Sprites/WeightSprite.png using Guid(1304343364e1ade40a93931a5dacc822) Importer(815301076,1909f56bfc062723c751e8b465ee728b)  -> (artifact id: 'e65b2c9cd5a4445cd2b7163cd8f43ae1') in 0.025397 seconds
  Import took 0.029835 seconds .

========================================================================
Received Import Request.
  Time since last request: 157.363355 seconds.
  path: Assets
  artifactKey: Guid(00000000000000001000000000000000) Importer(815301076,1909f56bfc062723c751e8b465ee728b)
Start importing Assets using Guid(00000000000000001000000000000000) Importer(815301076,1909f56bfc062723c751e8b465ee728b)  -> (artifact id: '42d402b061de3733987d63b9cc3b64de') in 0.031024 seconds
  Import took 0.045631 seconds .

========================================================================
Received Import Request.
  Time since last request: 7.493482 seconds.
  path: Assets/Prefabs
  artifactKey: Guid(af2b26c759595404ea4286c153a344c0) Importer(815301076,1909f56bfc062723c751e8b465ee728b)
Start importing Assets/Prefabs using Guid(af2b26c759595404ea4286c153a344c0) Importer(815301076,1909f56bfc062723c751e8b465ee728b)  -> (artifact id: 'f44bfb9017e43e58caebf0c53e551f9e') in 0.023396 seconds
  Import took 0.032695 seconds .

========================================================================
Received Import Request.
  Time since last request: 6.254659 seconds.
  path: Assets/Prefabs/Platform.prefab
  artifactKey: Guid(0f83f0d9363d2f545b0fc78ab2337110) Importer(815301076,1909f56bfc062723c751e8b465ee728b)
Start importing Assets/Prefabs/Platform.prefab using Guid(0f83f0d9363d2f545b0fc78ab2337110) Importer(815301076,1909f56bfc062723c751e8b465ee728b)  -> (artifact id: '7f5898c50d62bec150b97a566575e57c') in 0.082354 seconds
  Import took 0.090753 seconds .

========================================================================
Received Import Request.
  Time since last request: 0.004420 seconds.
  path: Assets/Prefabs/Platform.prefab
  artifactKey: Guid(0f83f0d9363d2f545b0fc78ab2337110) Importer(815301076,1909f56bfc062723c751e8b465ee728b)
Start importing Assets/Prefabs/Platform.prefab using Guid(0f83f0d9363d2f545b0fc78ab2337110) Importer(815301076,1909f56bfc062723c751e8b465ee728b)  -> (artifact id: '7f5898c50d62bec150b97a566575e57c') in 0.020786 seconds
  Import took 0.030546 seconds .

========================================================================
Received Import Request.
  Time since last request: 175.966017 seconds.
  path: Assets/Prefabs/Platform.prefab
  artifactKey: Guid(0f83f0d9363d2f545b0fc78ab2337110) Importer(815301076,1909f56bfc062723c751e8b465ee728b)
Start importing Assets/Prefabs/Platform.prefab using Guid(0f83f0d9363d2f545b0fc78ab2337110) Importer(815301076,1909f56bfc062723c751e8b465ee728b)  -> (artifact id: '15ff00793df42def6a53b26878c1655f') in 0.038403 seconds
  Import took 0.046161 seconds .

========================================================================
Received Prepare
Registering precompiled user dll's ...
Registered in 0.001619 seconds.
Begin MonoManager ReloadAssembly
Native extension for WindowsStandalone target not found
Refreshing native plugins compatible for Editor in 0.42 ms, found 1 plugins.
Preloading 0 native plugins for Editor in 0.00 ms.
Mono: successfully reloaded assembly
- Completed reload, in  1.343 seconds
Platform modules already initialized, skipping
Refreshing native plugins compatible for Editor in 0.43 ms, found 1 plugins.
Preloading 0 native plugins for Editor in 0.00 ms.
Unloading 1803 Unused Serialized files (Serialized files now loaded: 0)
System memory in use before: 88.1 MB.
System memory in use after: 88.0 MB.

Unloading 12 unused Assets to reduce memory usage. Loaded Objects now: 2301.
Total: 2.936500 ms (FindLiveObjects: 0.255200 ms CreateObjectMapping: 0.067300 ms MarkObjects: 2.483500 ms  DeleteObjects: 0.129100 ms)

========================================================================
Received Import Request.
  Time since last request: 469.097576 seconds.
  path: Assets/Scripts
  artifactKey: Guid(cc5be7bb65eca3c47bdffc32ecfbb4a9) Importer(815301076,1909f56bfc062723c751e8b465ee728b)
Start importing Assets/Scripts using Guid(cc5be7bb65eca3c47bdffc32ecfbb4a9) Importer(815301076,1909f56bfc062723c751e8b465ee728b)  -> (artifact id: '69d86236781ab6827659b2599733d9ca') in 0.021719 seconds
  Import took 0.026175 seconds .

========================================================================
Received Import Request.
  Time since last request: 12.042128 seconds.
  path: Assets/Scripts/HeroController.cs
  artifactKey: Guid(af55e9ab9d058a945ae65cf3a2abe745) Importer(815301076,1909f56bfc062723c751e8b465ee728b)
Start importing Assets/Scripts/HeroController.cs using Guid(af55e9ab9d058a945ae65cf3a2abe745) Importer(815301076,1909f56bfc062723c751e8b465ee728b)  -> (artifact id: '566900d1a024c952e6618e9d36425bd7') in 0.030183 seconds
  Import took 0.034866 seconds .

========================================================================
Received Import Request.
  Time since last request: 0.003085 seconds.
  path: Assets/Scripts/HeroController.cs
  artifactKey: Guid(af55e9ab9d058a945ae65cf3a2abe745) Importer(815301076,1909f56bfc062723c751e8b465ee728b)
Start importing Assets/Scripts/HeroController.cs using Guid(af55e9ab9d058a945ae65cf3a2abe745) Importer(815301076,1909f56bfc062723c751e8b465ee728b)  -> (artifact id: '566900d1a024c952e6618e9d36425bd7') in 0.009334 seconds
  Import took 0.015665 seconds .

========================================================================
Received Prepare
Registering precompiled user dll's ...
Registered in 0.001206 seconds.
Begin MonoManager ReloadAssembly
Native extension for WindowsStandalone target not found
Refreshing native plugins compatible for Editor in 0.40 ms, found 1 plugins.
Preloading 0 native plugins for Editor in 0.00 ms.
Mono: successfully reloaded assembly
- Completed reload, in  1.218 seconds
Platform modules already initialized, skipping
Refreshing native plugins compatible for Editor in 0.66 ms, found 1 plugins.
Preloading 0 native plugins for Editor in 0.00 ms.
Unloading 1804 Unused Serialized files (Serialized files now loaded: 0)
System memory in use before: 88.1 MB.
System memory in use after: 88.1 MB.

Unloading 12 unused Assets to reduce memory usage. Loaded Objects now: 2306.
Total: 4.753000 ms (FindLiveObjects: 0.253900 ms CreateObjectMapping: 0.143800 ms MarkObjects: 4.192800 ms  DeleteObjects: 0.160900 ms)

========================================================================
Received Prepare
Registering precompiled user dll's ...
Registered in 0.001084 seconds.
Begin MonoManager ReloadAssembly
Native extension for WindowsStandalone target not found
Refreshing native plugins compatible for Editor in 0.37 ms, found 1 plugins.
Preloading 0 native plugins for Editor in 0.00 ms.
Mono: successfully reloaded assembly
- Completed reload, in  1.101 seconds
Platform modules already initialized, skipping
Refreshing native plugins compatible for Editor in 0.58 ms, found 1 plugins.
Preloading 0 native plugins for Editor in 0.00 ms.
Unloading 1808 Unused Serialized files (Serialized files now loaded: 0)
System memory in use before: 88.2 MB.
System memory in use after: 88.2 MB.

Unloading 12 unused Assets to reduce memory usage. Loaded Objects now: 2313.
Total: 2.813500 ms (FindLiveObjects: 0.239700 ms CreateObjectMapping: 0.065600 ms MarkObjects: 2.366300 ms  DeleteObjects: 0.140800 ms)

========================================================================
Received Import Request.
  Time since last request: 692.968240 seconds.
  path: Assets/Scripts/HeroController.cs
  artifactKey: Guid(af55e9ab9d058a945ae65cf3a2abe745) Importer(815301076,1909f56bfc062723c751e8b465ee728b)
Start importing Assets/Scripts/HeroController.cs using Guid(af55e9ab9d058a945ae65cf3a2abe745) Importer(815301076,1909f56bfc062723c751e8b465ee728b)  -> (artifact id: '082890874c08b4d05ad3dd4664fbdded') in 0.021586 seconds
  Import took 0.033394 seconds .

========================================================================
Received Prepare
Registering precompiled user dll's ...
Registered in 0.001053 seconds.
Begin MonoManager ReloadAssembly
Native extension for WindowsStandalone target not found
Refreshing native plugins compatible for Editor in 0.41 ms, found 1 plugins.
Preloading 0 native plugins for Editor in 0.00 ms.
Mono: successfully reloaded assembly
- Completed reload, in  1.163 seconds
Platform modules already initialized, skipping
Refreshing native plugins compatible for Editor in 0.69 ms, found 1 plugins.
Preloading 0 native plugins for Editor in 0.00 ms.
Unloading 1808 Unused Serialized files (Serialized files now loaded: 0)
System memory in use before: 88.3 MB.
System memory in use after: 88.2 MB.

Unloading 12 unused Assets to reduce memory usage. Loaded Objects now: 2316.
Total: 3.571300 ms (FindLiveObjects: 0.389000 ms CreateObjectMapping: 0.149100 ms MarkObjects: 2.854900 ms  DeleteObjects: 0.176400 ms)

========================================================================
Received Prepare
Registering precompiled user dll's ...
Registered in 0.001310 seconds.
Begin MonoManager ReloadAssembly
Native extension for WindowsStandalone target not found
Refreshing native plugins compatible for Editor in 0.46 ms, found 1 plugins.
Preloading 0 native plugins for Editor in 0.00 ms.
Mono: successfully reloaded assembly
- Completed reload, in  1.206 seconds
Platform modules already initialized, skipping
Refreshing native plugins compatible for Editor in 0.32 ms, found 1 plugins.
Preloading 0 native plugins for Editor in 0.00 ms.
Unloading 1808 Unused Serialized files (Serialized files now loaded: 0)
System memory in use before: 88.2 MB.
System memory in use after: 88.2 MB.

Unloading 12 unused Assets to reduce memory usage. Loaded Objects now: 2319.
Total: 2.422300 ms (FindLiveObjects: 0.240500 ms CreateObjectMapping: 0.062700 ms MarkObjects: 2.008500 ms  DeleteObjects: 0.109400 ms)

========================================================================
Received Prepare
Registering precompiled user dll's ...
Registered in 0.002505 seconds.
Begin MonoManager ReloadAssembly
Native extension for WindowsStandalone target not found
Refreshing native plugins compatible for Editor in 0.55 ms, found 1 plugins.
Preloading 0 native plugins for Editor in 0.00 ms.
Mono: successfully reloaded assembly
- Completed reload, in  1.305 seconds
Platform modules already initialized, skipping
Refreshing native plugins compatible for Editor in 0.38 ms, found 1 plugins.
Preloading 0 native plugins for Editor in 0.00 ms.
Unloading 1808 Unused Serialized files (Serialized files now loaded: 0)
System memory in use before: 88.3 MB.
System memory in use after: 88.2 MB.

Unloading 12 unused Assets to reduce memory usage. Loaded Objects now: 2322.
Total: 2.030100 ms (FindLiveObjects: 0.180700 ms CreateObjectMapping: 0.055200 ms MarkObjects: 1.678200 ms  DeleteObjects: 0.114500 ms)

========================================================================
Received Prepare
Registering precompiled user dll's ...
Registered in 0.000952 seconds.
Begin MonoManager ReloadAssembly
Native extension for WindowsStandalone target not found
Refreshing native plugins compatible for Editor in 0.75 ms, found 1 plugins.
Preloading 0 native plugins for Editor in 0.00 ms.
Mono: successfully reloaded assembly
- Completed reload, in  1.238 seconds
Platform modules already initialized, skipping
Refreshing native plugins compatible for Editor in 0.47 ms, found 1 plugins.
Preloading 0 native plugins for Editor in 0.00 ms.
Unloading 1808 Unused Serialized files (Serialized files now loaded: 0)
System memory in use before: 88.3 MB.
System memory in use after: 88.2 MB.

Unloading 12 unused Assets to reduce memory usage. Loaded Objects now: 2325.
Total: 3.417500 ms (FindLiveObjects: 0.246600 ms CreateObjectMapping: 0.077100 ms MarkObjects: 2.941300 ms  DeleteObjects: 0.151000 ms)

========================================================================
Received Prepare
Registering precompiled user dll's ...
Registered in 0.001297 seconds.
Begin MonoManager ReloadAssembly
Native extension for WindowsStandalone target not found
Refreshing native plugins compatible for Editor in 0.90 ms, found 1 plugins.
Preloading 0 native plugins for Editor in 0.00 ms.
Mono: successfully reloaded assembly
- Completed reload, in  1.213 seconds
Platform modules already initialized, skipping
Refreshing native plugins compatible for Editor in 0.52 ms, found 1 plugins.
Preloading 0 native plugins for Editor in 0.00 ms.
Unloading 1808 Unused Serialized files (Serialized files now loaded: 0)
System memory in use before: 88.3 MB.
System memory in use after: 88.3 MB.

Unloading 12 unused Assets to reduce memory usage. Loaded Objects now: 2328.
Total: 2.473100 ms (FindLiveObjects: 0.198500 ms CreateObjectMapping: 0.069800 ms MarkObjects: 2.084000 ms  DeleteObjects: 0.119700 ms)

========================================================================
Received Prepare
Registering precompiled user dll's ...
Registered in 0.001017 seconds.
Begin MonoManager ReloadAssembly
Native extension for WindowsStandalone target not found
Refreshing native plugins compatible for Editor in 0.43 ms, found 1 plugins.
Preloading 0 native plugins for Editor in 0.00 ms.
Mono: successfully reloaded assembly
- Completed reload, in  1.244 seconds
Platform modules already initialized, skipping
Refreshing native plugins compatible for Editor in 0.38 ms, found 1 plugins.
Preloading 0 native plugins for Editor in 0.00 ms.
Unloading 1808 Unused Serialized files (Serialized files now loaded: 0)
System memory in use before: 88.3 MB.
System memory in use after: 88.3 MB.

Unloading 12 unused Assets to reduce memory usage. Loaded Objects now: 2331.
Total: 2.380500 ms (FindLiveObjects: 0.229000 ms CreateObjectMapping: 0.055600 ms MarkObjects: 1.984900 ms  DeleteObjects: 0.110000 ms)

========================================================================
Received Prepare
Registering precompiled user dll's ...
Registered in 0.001470 seconds.
Begin MonoManager ReloadAssembly
Native extension for WindowsStandalone target not found
Refreshing native plugins compatible for Editor in 0.39 ms, found 1 plugins.
Preloading 0 native plugins for Editor in 0.00 ms.
Mono: successfully reloaded assembly
- Completed reload, in  1.282 seconds
Platform modules already initialized, skipping
Refreshing native plugins compatible for Editor in 0.64 ms, found 1 plugins.
Preloading 0 native plugins for Editor in 0.00 ms.
Unloading 1808 Unused Serialized files (Serialized files now loaded: 0)
System memory in use before: 88.3 MB.
System memory in use after: 88.3 MB.

Unloading 12 unused Assets to reduce memory usage. Loaded Objects now: 2334.
Total: 6.200500 ms (FindLiveObjects: 1.291500 ms CreateObjectMapping: 0.235700 ms MarkObjects: 4.482700 ms  DeleteObjects: 0.188400 ms)

========================================================================
Received Prepare
Registering precompiled user dll's ...
Registered in 0.001112 seconds.
Begin MonoManager ReloadAssembly
Native extension for WindowsStandalone target not found
Refreshing native plugins compatible for Editor in 0.68 ms, found 1 plugins.
Preloading 0 native plugins for Editor in 0.00 ms.
Mono: successfully reloaded assembly
- Completed reload, in  1.286 seconds
Platform modules already initialized, skipping
Refreshing native plugins compatible for Editor in 0.35 ms, found 1 plugins.
Preloading 0 native plugins for Editor in 0.00 ms.
Unloading 1808 Unused Serialized files (Serialized files now loaded: 0)
System memory in use before: 88.3 MB.
System memory in use after: 88.3 MB.

Unloading 12 unused Assets to reduce memory usage. Loaded Objects now: 2337.
Total: 2.617600 ms (FindLiveObjects: 0.362500 ms CreateObjectMapping: 0.106700 ms MarkObjects: 2.006900 ms  DeleteObjects: 0.140300 ms)

========================================================================
Received Prepare
Registering precompiled user dll's ...
Registered in 0.001384 seconds.
Begin MonoManager ReloadAssembly
Native extension for WindowsStandalone target not found
Refreshing native plugins compatible for Editor in 0.40 ms, found 1 plugins.
Preloading 0 native plugins for Editor in 0.00 ms.
Mono: successfully reloaded assembly
- Completed reload, in  1.617 seconds
Platform modules already initialized, skipping
Refreshing native plugins compatible for Editor in 0.68 ms, found 1 plugins.
Preloading 0 native plugins for Editor in 0.00 ms.
Unloading 1808 Unused Serialized files (Serialized files now loaded: 0)
System memory in use before: 88.3 MB.
System memory in use after: 88.3 MB.

Unloading 12 unused Assets to reduce memory usage. Loaded Objects now: 2340.
Total: 3.273000 ms (FindLiveObjects: 0.271900 ms CreateObjectMapping: 0.085100 ms MarkObjects: 2.775100 ms  DeleteObjects: 0.139000 ms)

========================================================================
Received Prepare
Registering precompiled user dll's ...
Registered in 0.001484 seconds.
Begin MonoManager ReloadAssembly
Native extension for WindowsStandalone target not found
Refreshing native plugins compatible for Editor in 0.76 ms, found 1 plugins.
Preloading 0 native plugins for Editor in 0.00 ms.
Mono: successfully reloaded assembly
- Completed reload, in  1.091 seconds
Platform modules already initialized, skipping
Refreshing native plugins compatible for Editor in 0.39 ms, found 1 plugins.
Preloading 0 native plugins for Editor in 0.00 ms.
Unloading 1808 Unused Serialized files (Serialized files now loaded: 0)
System memory in use before: 88.3 MB.
System memory in use after: 88.3 MB.

Unloading 12 unused Assets to reduce memory usage. Loaded Objects now: 2343.
Total: 2.796600 ms (FindLiveObjects: 0.390700 ms CreateObjectMapping: 0.123900 ms MarkObjects: 2.155200 ms  DeleteObjects: 0.125000 ms)

========================================================================
Received Prepare
Registering precompiled user dll's ...
Registered in 0.001281 seconds.
Begin MonoManager ReloadAssembly
Native extension for WindowsStandalone target not found
Refreshing native plugins compatible for Editor in 0.49 ms, found 1 plugins.
Preloading 0 native plugins for Editor in 0.00 ms.
Mono: successfully reloaded assembly
- Completed reload, in  1.132 seconds
Platform modules already initialized, skipping
Refreshing native plugins compatible for Editor in 0.47 ms, found 1 plugins.
Preloading 0 native plugins for Editor in 0.00 ms.
Unloading 1808 Unused Serialized files (Serialized files now loaded: 0)
System memory in use before: 88.3 MB.
System memory in use after: 88.3 MB.

Unloading 12 unused Assets to reduce memory usage. Loaded Objects now: 2346.
Total: 3.053700 ms (FindLiveObjects: 0.211800 ms CreateObjectMapping: 0.077500 ms MarkObjects: 2.621000 ms  DeleteObjects: 0.141800 ms)

========================================================================
Received Prepare
Registering precompiled user dll's ...
Registered in 0.001468 seconds.
Begin MonoManager ReloadAssembly
Native extension for WindowsStandalone target not found
Refreshing native plugins compatible for Editor in 0.49 ms, found 1 plugins.
Preloading 0 native plugins for Editor in 0.00 ms.
Mono: successfully reloaded assembly
- Completed reload, in  1.142 seconds
Platform modules already initialized, skipping
Refreshing native plugins compatible for Editor in 0.42 ms, found 1 plugins.
Preloading 0 native plugins for Editor in 0.00 ms.
Unloading 1808 Unused Serialized files (Serialized files now loaded: 0)
System memory in use before: 88.3 MB.
System memory in use after: 88.3 MB.

Unloading 12 unused Assets to reduce memory usage. Loaded Objects now: 2349.
Total: 2.731500 ms (FindLiveObjects: 0.244600 ms CreateObjectMapping: 0.067300 ms MarkObjects: 2.288100 ms  DeleteObjects: 0.130300 ms)

========================================================================
Received Prepare
Registering precompiled user dll's ...
Registered in 0.000991 seconds.
Begin MonoManager ReloadAssembly
Native extension for WindowsStandalone target not found
Refreshing native plugins compatible for Editor in 0.39 ms, found 1 plugins.
Preloading 0 native plugins for Editor in 0.00 ms.
Mono: successfully reloaded assembly
- Completed reload, in  1.267 seconds
Platform modules already initialized, skipping
Refreshing native plugins compatible for Editor in 0.40 ms, found 1 plugins.
Preloading 0 native plugins for Editor in 0.00 ms.
Unloading 1808 Unused Serialized files (Serialized files now loaded: 0)
System memory in use before: 88.3 MB.
System memory in use after: 88.3 MB.

Unloading 12 unused Assets to reduce memory usage. Loaded Objects now: 2352.
Total: 2.547100 ms (FindLiveObjects: 0.201900 ms CreateObjectMapping: 0.104500 ms MarkObjects: 2.114600 ms  DeleteObjects: 0.125000 ms)

